#
# A fatal error has been detected by the Java Runtime Environment:
#
#  Internal Error (javaClasses.cpp:126), pid=7332, tid=6860
#  fatal error: Invalid layout of preloaded class
#
# JRE version:  (8.0_20-b26) (build )
# Java VM: Java HotSpot(TM) 64-Bit Server VM (25.20-b23 mixed mode windows-amd64 compressed oops)
# Failed to write core dump. Minidumps are not enabled by default on client versions of Windows
#
# If you would like to submit a bug report, please visit:
#   http://bugreport.sun.com/bugreport/crash.jsp
#

---------------  T H R E A D  ---------------

Current thread (0x0000000002620800):  JavaThread "Unknown thread" [_thread_in_vm, id=6860, stack(0x0000000002500000,0x0000000002600000)]

Stack: [0x0000000002500000,0x0000000002600000]
Native frames: (J=compiled Java code, j=interpreted, Vv=VM code, C=native code)
V  [jvm.dll+0x3152fa]
V  [jvm.dll+0x265d03]
V  [jvm.dll+0x266943]
V  [jvm.dll+0x25e1e6]
V  [jvm.dll+0x5e64c]
V  [jvm.dll+0x5e743]
V  [jvm.dll+0x7316a]
V  [jvm.dll+0x734c8]
V  [jvm.dll+0xe3937]
V  [jvm.dll+0xe3cc6]
V  [jvm.dll+0x1f89d7]
V  [jvm.dll+0x229fc4]
V  [jvm.dll+0x14c6f1]
C  [javaw.exe+0x20c6]
C  [javaw.exe+0xc9eb]
C  [javaw.exe+0xca7f]
C  [KERNEL32.DLL+0x13d2]
C  [ntdll.dll+0x15444]


---------------  P R O C E S S  ---------------

Java Threads: ( => current thread )

Other Threads:

=>0x0000000002620800 (exited) JavaThread "Unknown thread" [_thread_in_vm, id=6860, stack(0x0000000002500000,0x0000000002600000)]

VM state:not at safepoint (not fully initialized)

VM Mutex/Monitor currently owned by a thread: None

GC Heap History (0 events):
No events

Deoptimization events (0 events):
No events

Internal exceptions (0 events):
No events

Events (10 events):
Event: 0.018 loading class java/lang/CharSequence done
Event: 0.019 loading class java/lang/String done
Event: 0.019 loading class java/lang/Class
Event: 0.019 loading class java/lang/reflect/AnnotatedElement
Event: 0.019 loading class java/lang/reflect/AnnotatedElement done
Event: 0.019 loading class java/lang/reflect/GenericDeclaration
Event: 0.019 loading class java/lang/reflect/GenericDeclaration done
Event: 0.019 loading class java/lang/reflect/Type
Event: 0.019 loading class java/lang/reflect/Type done
Event: 0.019 loading class java/lang/Class done


Dynamic libraries:
0x00007ff721e30000 - 0x00007ff721e64000 	C:\Program Files\Java\jre1.8.0_20\bin\javaw.exe
0x00007ffc0e840000 - 0x00007ffc0e9ec000 	C:\Windows\SYSTEM32\ntdll.dll
0x00007ffc0c450000 - 0x00007ffc0c58e000 	C:\Windows\system32\KERNEL32.DLL
0x00007ffc0bcf0000 - 0x00007ffc0be05000 	C:\Windows\system32\KERNELBASE.dll
0x00007ffc0a500000 - 0x00007ffc0a58e000 	C:\Windows\system32\apphelp.dll
0x00007ffbfc700000 - 0x00007ffbfc753000 	C:\Windows\AppPatch\AppPatch64\AcGenral.DLL
0x00007ffc0dab0000 - 0x00007ffc0db5a000 	C:\Windows\system32\msvcrt.dll
0x00007ffc0b790000 - 0x00007ffc0b7be000 	C:\Windows\SYSTEM32\SspiCli.dll
0x00007ffc0dd70000 - 0x00007ffc0ddc4000 	C:\Windows\system32\SHLWAPI.dll
0x00007ffc0bec0000 - 0x00007ffc0c037000 	C:\Windows\system32\USER32.dll
0x00007ffc0e010000 - 0x00007ffc0e1a4000 	C:\Windows\system32\ole32.dll
0x00007ffc0c590000 - 0x00007ffc0daa8000 	C:\Windows\system32\SHELL32.dll
0x00007ffc0af60000 - 0x00007ffc0af81000 	C:\Windows\SYSTEM32\USERENV.dll
0x00007ffc0dcc0000 - 0x00007ffc0dd6a000 	C:\Windows\system32\ADVAPI32.dll
0x00007ffbfa600000 - 0x00007ffbfa61e000 	C:\Windows\SYSTEM32\MPR.dll
0x00007ffc0e580000 - 0x00007ffc0e6c1000 	C:\Windows\system32\RPCRT4.dll
0x00007ffc0e520000 - 0x00007ffc0e579000 	C:\Windows\SYSTEM32\sechost.dll
0x00007ffc0dde0000 - 0x00007ffc0dff1000 	C:\Windows\SYSTEM32\combase.dll
0x00007ffc0e6d0000 - 0x00007ffc0e821000 	C:\Windows\system32\GDI32.dll
0x00007ffc0b990000 - 0x00007ffc0b9a5000 	C:\Windows\SYSTEM32\profapi.dll
0x00007ffc0a190000 - 0x00007ffc0a242000 	C:\Windows\SYSTEM32\SHCORE.dll
0x00007ffc0db60000 - 0x00007ffc0db96000 	C:\Windows\system32\IMM32.DLL
0x00007ffc0e1b0000 - 0x00007ffc0e302000 	C:\Windows\system32\MSCTF.dll
0x00007ffc0b950000 - 0x00007ffc0b97f000 	C:\Windows\system32\nvinitx.dll
0x000000000f000000 - 0x000000000f006000 	C:\Program Files\NVIDIA Corporation\CoProcManager\_etoured.dll
0x00007ffc09620000 - 0x00007ffc09653000 	C:\Program Files\NVIDIA Corporation\CoProcManager\nvd3d9wrapx.dll
0x00007ffc0e340000 - 0x00007ffc0e51a000 	C:\Windows\system32\SETUPAPI.dll
0x00007ffc0bca0000 - 0x00007ffc0bcef000 	C:\Windows\system32\CFGMGR32.dll
0x00007ffc095f0000 - 0x00007ffc09613000 	C:\Program Files\NVIDIA Corporation\CoProcManager\nvdxgiwrapx.dll
0x00007ffc09d10000 - 0x00007ffc09f8a000 	C:\Windows\WinSxS\amd64_microsoft.windows.common-controls_6595b64144ccf1df_6.0.9600.17810_none_6240b9c7ecbd0bda\COMCTL32.dll
0x0000000059730000 - 0x0000000059802000 	C:\Program Files\Java\jre1.8.0_20\bin\msvcr100.dll
0x000000005a240000 - 0x000000005aa98000 	C:\Program Files\Java\jre1.8.0_20\bin\server\jvm.dll
0x00007ffc09950000 - 0x00007ffc09959000 	C:\Windows\SYSTEM32\WSOCK32.dll
0x00007ffc091a0000 - 0x00007ffc091c2000 	C:\Windows\SYSTEM32\WINMM.dll
0x00007ffc0e830000 - 0x00007ffc0e837000 	C:\Windows\system32\PSAPI.DLL
0x00007ffc0c3f0000 - 0x00007ffc0c44a000 	C:\Windows\system32\WS2_32.dll
0x00007ffc09160000 - 0x00007ffc0918a000 	C:\Windows\SYSTEM32\WINMMBASE.dll
0x00007ffc0e330000 - 0x00007ffc0e339000 	C:\Windows\system32\NSI.dll
0x00007ffc0a750000 - 0x00007ffc0a778000 	C:\Windows\SYSTEM32\DEVOBJ.dll
0x000000005b2a0000 - 0x000000005b2af000 	C:\Program Files\Java\jre1.8.0_20\bin\verify.dll
0x000000005b270000 - 0x000000005b298000 	C:\Program Files\Java\jre1.8.0_20\bin\java.dll
0x000000005b250000 - 0x000000005b266000 	C:\Program Files\Java\jre1.8.0_20\bin\zip.dll
0x00007ffbf2380000 - 0x00007ffbf2509000 	C:\Windows\SYSTEM32\dbghelp.dll

VM Arguments:
jvm_args: -Dfile.encoding=GBK -Xbootclasspath:F:\StudySoftWare\android-sdk_r24.3.3-windows\android-sdk-windows\platforms\android-17\android.jar 
java_command: net.USky.socket.Client
java_class_path (initial): E:\myworkspace\LastTest\bin\classes;E:\myworkspace\LastTest\libs\Sunflower.jar;E:\myworkspace\LastTest\libs\android-support-v4.jar;E:\myworkspace\LastTest\libs\Msc.jar
Launcher Type: SUN_STANDARD

Environment Variables:
JAVA_HOME=C:\Program Files\Java\jdk1.8.0_20
CLASSPATH=C:\Program Files\Java\jdk1.8.0_20\lib
PATH=C:/Program Files/Java/jre1.8.0_20/bin/server;C:/Program Files/Java/jre1.8.0_20/bin;C:/Program Files/Java/jre1.8.0_20/lib/amd64;C:\Users\xusijing\Desktop\pulltorefreshfanbianyi\apktool;C:\ProgramData\Oracle\Java\javapath;C:\Program Files\Java\jre1.8.0_20;F:\apache-ant-1.7.1\bin;C:\Program Files (x86)\MySQL\MySQL Server 5.5\bin;F:\TortoiseSVN\bin;F:\StudySoftWare\android-sdk_r24.3.3-windows\android-sdk-windows\tools;F:\StudySoftWare\android-sdk_r24.3.3-windows\android-sdk-windows\platform-tools;F:\eclipse\eclipse;
USERNAME=xusijing
OS=Windows_NT
PROCESSOR_IDENTIFIER=Intel64 Family 6 Model 58 Stepping 9, GenuineIntel



---------------  S Y S T E M  ---------------

OS: Windows 8.1 , 64 bit Build 9600 

CPU:total 4 (2 cores per cpu, 2 threads per core) family 6 model 58 stepping 9, cmov, cx8, fxsr, mmx, sse, sse2, sse3, ssse3, sse4.1, sse4.2, popcnt, avx, clmul, erms, ht, tsc, tscinvbit, tscinv

Memory: 4k page, physical 4028776k(819460k free), swap 8055360k(1666812k free)

vm_info: Java HotSpot(TM) 64-Bit Server VM (25.20-b23) for windows-amd64 JRE (1.8.0_20-b26), built on Jul 30 2014 13:51:23 by "java_re" with MS VC++ 10.0 (VS2010)

time: Fri Jun 26 19:25:57 2015
elapsed time: 0 seconds (0d 0h 0m 0s)

